31 8
-1977500  2018333
2030000  2018333
2030000  -2030000
-2059166  -2030000
-2059166  1930833
1954166   1930833
1954166  -1960000
-2012500  -1960000
-2012500   1802500
1837500  1802500
1837500 -1831666
-1884166 -1831666
-1884166 1656666
1720833 1656666
1720833 -1703333
-1627500 -1703333
-1627500 1470000
1499166 1470000
1499166 -1522500
-1376666 -1522500
-1376666 11000
11000 11000
11000 -11000
-11000 -11000
-11000 5000
5000 5000
5000 -400
-200  -400
-200  50
50 50
0 0
10 10
30 10
30 80
100 80
100 -100
-300 -100
-300 -300
-300 300
